Release 14.7 - xst P.20131013 (nt64)
Copyright (c) 1995-2013 Xilinx, Inc.  All rights reserved.
--> Parameter TMPDIR set to xst/projnav.tmp


Total REAL time to Xst completion: 1.00 secs
Total CPU time to Xst completion: 0.59 secs
 
--> Parameter xsthdpdir set to xst


Total REAL time to Xst completion: 1.00 secs
Total CPU time to Xst completion: 0.60 secs
 
--> Reading design: top.prj

TABLE OF CONTENTS
  1) Synthesis Options Summary
  2) HDL Parsing
  3) HDL Elaboration
  4) HDL Synthesis
       4.1) HDL Synthesis Report
  5) Advanced HDL Synthesis
       5.1) Advanced HDL Synthesis Report
  6) Low Level Synthesis
  7) Partition Report
  8) Design Summary
       8.1) Primitive and Black Box Usage
       8.2) Device utilization summary
       8.3) Partition Resource Summary
       8.4) Timing Report
            8.4.1) Clock Information
            8.4.2) Asynchronous Control Signals Information
            8.4.3) Timing Summary
            8.4.4) Timing Details
            8.4.5) Cross Clock Domains Report


=========================================================================
*                      Synthesis Options Summary                        *
=========================================================================
---- Source Parameters
Input File Name                    : "top.prj"
Ignore Synthesis Constraint File   : NO

---- Target Parameters
Output File Name                   : "top"
Output Format                      : NGC
Target Device                      : xc6slx4-2-tqg144

---- Source Options
Top Module Name                    : top
Automatic FSM Extraction           : YES
FSM Encoding Algorithm             : Auto
Safe Implementation                : No
FSM Style                          : LUT
RAM Extraction                     : Yes
RAM Style                          : Auto
ROM Extraction                     : Yes
Shift Register Extraction          : YES
ROM Style                          : Auto
Resource Sharing                   : YES
Asynchronous To Synchronous        : NO
Shift Register Minimum Size        : 2
Use DSP Block                      : Auto
Automatic Register Balancing       : No

---- Target Options
LUT Combining                      : Auto
Reduce Control Sets                : Auto
Add IO Buffers                     : YES
Global Maximum Fanout              : 100000
Add Generic Clock Buffer(BUFG)     : 16
Register Duplication               : YES
Optimize Instantiated Primitives   : NO
Use Clock Enable                   : Auto
Use Synchronous Set                : Auto
Use Synchronous Reset              : Auto
Pack IO Registers into IOBs        : Auto
Equivalent register Removal        : YES

---- General Options
Optimization Goal                  : Speed
Optimization Effort                : 1
Power Reduction                    : NO
Keep Hierarchy                     : No
Netlist Hierarchy                  : As_Optimized
RTL Output                         : Yes
Global Optimization                : AllClockNets
Read Cores                         : YES
Write Timing Constraints           : NO
Cross Clock Analysis               : NO
Hierarchy Separator                : /
Bus Delimiter                      : <>
Case Specifier                     : Maintain
Slice Utilization Ratio            : 100
BRAM Utilization Ratio             : 100
DSP48 Utilization Ratio            : 100
Auto BRAM Packing                  : NO
Slice Utilization Ratio Delta      : 5

=========================================================================


=========================================================================
*                          HDL Parsing                                  *
=========================================================================
Parsing VHDL file "F:\Single-Cycle-7.1-con-testbench-master\Single-Cycle-7.1-con-testbench-master\sl2.vhd" into library work
Parsing entity <sl2>.
Parsing architecture <behave> of entity <sl2>.
Parsing VHDL file "F:\Single-Cycle-7.1-con-testbench-master\Single-Cycle-7.1-con-testbench-master\signext.vhd" into library work
Parsing entity <signext>.
Parsing architecture <behave> of entity <signext>.
Parsing VHDL file "F:\Single-Cycle-7.1-con-testbench-master\Single-Cycle-7.1-con-testbench-master\MainDecoder.vhd" into library work
Parsing entity <maindec>.
Parsing architecture <behave> of entity <maindec>.
Parsing VHDL file "F:\Single-Cycle-7.1-con-testbench-master\Single-Cycle-7.1-con-testbench-master\flopr.vhd" into library work
Parsing entity <flopr>.
Parsing architecture <Behavioral> of entity <flopr>.
Parsing VHDL file "F:\Single-Cycle-7.1-con-testbench-master\Single-Cycle-7.1-con-testbench-master\AluDec.vhd" into library work
Parsing entity <aludec>.
Parsing architecture <behave> of entity <aludec>.
Parsing VHDL file "F:\Single-Cycle-7.1-con-testbench-master\Single-Cycle-7.1-con-testbench-master\alu.vhd" into library work
Parsing entity <alu>.
Parsing architecture <bhv> of entity <alu>.
Parsing VHDL file "F:\Single-Cycle-7.1-con-testbench-master\Single-Cycle-7.1-con-testbench-master\adder.vhd" into library work
Parsing entity <adder>.
Parsing architecture <behave> of entity <adder>.
Parsing VHDL file "F:\ComputerArchitectureCourseUBB-master\ComputerArchitectureCourseUBB-master\regfile.vhd" into library work
Parsing entity <regfile>.
Parsing architecture <behave> of entity <regfile>.
Parsing VHDL file "F:\ComputerArchitectureCourseUBB-master\ComputerArchitectureCourseUBB-master\mux2.vhd" into library work
Parsing entity <mux2>.
Parsing architecture <behave> of entity <mux2>.
Parsing VHDL file "F:\Single-Cycle-7.1-con-testbench-master\Single-Cycle-7.1-con-testbench-master\datapath.vhd" into library work
Parsing entity <datapath>.
INFO:HDLCompiler:1676 - "F:\Single-Cycle-7.1-con-testbench-master\Single-Cycle-7.1-con-testbench-master\datapath.vhd" Line 11. declaration of a buffer port will make it difficult for you to validate this design by simulation. It is preferable to declare it as output
INFO:HDLCompiler:1676 - "F:\Single-Cycle-7.1-con-testbench-master\Single-Cycle-7.1-con-testbench-master\datapath.vhd" Line 13. declaration of a buffer port will make it difficult for you to validate this design by simulation. It is preferable to declare it as output
Parsing architecture <struct> of entity <datapath>.
INFO:HDLCompiler:1676 - "F:\Single-Cycle-7.1-con-testbench-master\Single-Cycle-7.1-con-testbench-master\datapath.vhd" Line 21. declaration of a buffer port will make it difficult for you to validate this design by simulation. It is preferable to declare it as output
Parsing VHDL file "F:\Single-Cycle-7.1-con-testbench-master\Single-Cycle-7.1-con-testbench-master\Controller.vhd" into library work
Parsing entity <controller>.
Parsing architecture <struct> of entity <controller>.
Parsing VHDL file "F:\ComputerArchitectureCourseUBB-master\ComputerArchitectureCourseUBB-master\proyecto1.vhd" into library work
Parsing entity <mips>.
Parsing architecture <struct> of entity <mips>.
Parsing VHDL file "F:\ComputerArchitectureCourseUBB-master\ComputerArchitectureCourseUBB-master\imem.vhd" into library work
ERROR:HDLCompiler:104 - "F:\ComputerArchitectureCourseUBB-master\ComputerArchitectureCourseUBB-master\imem.vhd" Line 9: Cannot find <numeric_std_unsigned> in library <ieee>. Please ensure that the library was compiled, and that a library and a use clause are present in the VHDL file.
Parsing entity <imem>.
ERROR:HDLCompiler:854 - "F:\ComputerArchitectureCourseUBB-master\ComputerArchitectureCourseUBB-master\imem.vhd" Line 11: Unit <imem> ignored due to previous errors.
Parsing architecture <behave> of entity <imem>.
ERROR:HDLCompiler:374 - "F:\ComputerArchitectureCourseUBB-master\ComputerArchitectureCourseUBB-master\imem.vhd" Line 15: Entity <imem> is not yet compiled.
ERROR:HDLCompiler:69 - "F:\ComputerArchitectureCourseUBB-master\ComputerArchitectureCourseUBB-master\imem.vhd" Line 18: <text> is not declared.
ERROR:HDLCompiler:69 - "F:\ComputerArchitectureCourseUBB-master\ComputerArchitectureCourseUBB-master\imem.vhd" Line 19: <line> is not declared.
ERROR:HDLCompiler:69 - "F:\ComputerArchitectureCourseUBB-master\ComputerArchitectureCourseUBB-master\imem.vhd" Line 20: <character> is not declared.
ERROR:HDLCompiler:69 - "F:\ComputerArchitectureCourseUBB-master\ComputerArchitectureCourseUBB-master\imem.vhd" Line 21: <integer> is not declared.
ERROR:HDLCompiler:24 - "F:\ComputerArchitectureCourseUBB-master\ComputerArchitectureCourseUBB-master\imem.vhd" Line 22: "**" expects 2 arguments
ERROR:HDLCompiler:541 - "F:\ComputerArchitectureCourseUBB-master\ComputerArchitectureCourseUBB-master\imem.vhd" Line 27: Type ramtype is not an array type and cannot be indexed.
ERROR:HDLCompiler:69 - "F:\ComputerArchitectureCourseUBB-master\ComputerArchitectureCourseUBB-master\imem.vhd" Line 29: <index> is not declared.
ERROR:HDLCompiler:69 - "F:\ComputerArchitectureCourseUBB-master\ComputerArchitectureCourseUBB-master\imem.vhd" Line 30: <file_open> is not declared.
ERROR:HDLCompiler:69 - "F:\ComputerArchitectureCourseUBB-master\ComputerArchitectureCourseUBB-master\imem.vhd" Line 31: <endfile> is not declared.
ERROR:HDLCompiler:69 - "F:\ComputerArchitectureCourseUBB-master\ComputerArchitectureCourseUBB-master\imem.vhd" Line 32: <readline> is not declared.
ERROR:HDLCompiler:69 - "F:\ComputerArchitectureCourseUBB-master\ComputerArchitectureCourseUBB-master\imem.vhd" Line 33: <result> is not declared.
ERROR:HDLCompiler:69 - "F:\ComputerArchitectureCourseUBB-master\ComputerArchitectureCourseUBB-master\imem.vhd" Line 35: <read> is not declared.
ERROR:HDLCompiler:69 - "F:\ComputerArchitectureCourseUBB-master\ComputerArchitectureCourseUBB-master\imem.vhd" Line 37: <result> is not declared.
ERROR:HDLCompiler:69 - "F:\ComputerArchitectureCourseUBB-master\ComputerArchitectureCourseUBB-master\imem.vhd" Line 39: <result> is not declared.
ERROR:HDLCompiler:629 - "F:\ComputerArchitectureCourseUBB-master\ComputerArchitectureCourseUBB-master\imem.vhd" Line 38: Near character 'a' ; 0 visible types match here
ERROR:HDLCompiler:631 - "F:\ComputerArchitectureCourseUBB-master\ComputerArchitectureCourseUBB-master\imem.vhd" Line 40: Near string "Format error on line" ; 0 visible types match here
Sorry, too many errors..
--> 

Total memory usage is 182904 kilobytes

Number of errors   :   19 (   0 filtered)
Number of warnings :    0 (   0 filtered)
Number of infos    :    0 (   0 filtered)

